<?xml version="1.0" encoding="UTF-8"?>
<!-- Generated by org.testng.reporters.JUnitReportReporter -->
<testsuite hostname="LAPTOP-0UFO5ORC" name="com.crm.qa.testcases.LoginPageTest" tests="2" failures="0" timestamp="5 May 2020 14:28:52 GMT" time="51.288" errors="0">
  <testcase name="loginPageTitleTest" time="30.189" classname="com.crm.qa.testcases.LoginPageTest"/>
  <testcase name="loginTest" time="21.099" classname="com.crm.qa.testcases.LoginPageTest"/>
</testsuite> <!-- com.crm.qa.testcases.LoginPageTest -->
