<?xml version="1.0" encoding="UTF-8"?>
<!-- Generated by org.testng.reporters.JUnitReportReporter -->
<testsuite hostname="LAPTOP-0UFO5ORC" name="com.crm.qa.testcases.LoginPageTest" tests="2" failures="0" timestamp="30 Apr 2020 17:02:48 GMT" time="43.696" errors="0">
  <testcase name="loginPageTitleTest" time="15.784" classname="com.crm.qa.testcases.LoginPageTest"/>
  <testcase name="loginTest" time="27.912" classname="com.crm.qa.testcases.LoginPageTest"/>
</testsuite> <!-- com.crm.qa.testcases.LoginPageTest -->
